C:\USERS\MPCL\DESKTOP\ROADDETECTION\ROADDETECTION\X86\IPM.OBJ
C:\USERS\MPCL\DESKTOP\ROADDETECTION\ROADDETECTION\X86\MAIN2.OBJ
C:\USERS\MPCL\DESKTOP\ROADDETECTION\ROADDETECTION\X86\TRACKER_OPENCV2.OBJ
C:\USERS\MPCL\DESKTOP\ROADDETECTION\ROADDETECTION\X86\VC100.PDB
E:\도로검출\도로검출 PROGRAM\ROADDETECTION\ROADDETECTION\X86\IPM.OBJ
E:\도로검출\도로검출 PROGRAM\ROADDETECTION\ROADDETECTION\X86\MAIN2.OBJ
E:\도로검출\도로검출 PROGRAM\ROADDETECTION\ROADDETECTION\X86\TRACKER_OPENCV2.OBJ
E:\도로검출\도로검출 PROGRAM\ROADDETECTION\ROADDETECTION\X86\VC110.PDB
C:\USERS\MPCL\DESKTOP\ROADDETECTION\X86\ROADDETECTION.ILK
C:\USERS\MPCL\DESKTOP\ROADDETECTION\X86\ROADDETECTION.EXE
C:\USERS\MPCL\DESKTOP\ROADDETECTION\ROADDETECTION\X86\ROADDETECTION.EXE.INTERMEDIATE.MANIFEST
C:\USERS\MPCL\DESKTOP\ROADDETECTION\X86\ROADDETECTION.PDB
C:\USERS\MPCL\DESKTOP\ROADDETECTION\ROADDETECTION\X86\ROADDETECTION.EXE.EMBED.MANIFEST
C:\USERS\MPCL\DESKTOP\ROADDETECTION\ROADDETECTION\X86\ROADDETECTION.EXE.EMBED.MANIFEST.RES
E:\도로검출\도로검출 program\RoadDetection\RoadDetection\x86\IPM.obj
E:\도로검출\도로검출 program\RoadDetection\RoadDetection\x86\Main2.obj
E:\도로검출\도로검출 program\RoadDetection\RoadDetection\x86\tracker_opencv2.obj
E:\도로검출\도로검출 program\RoadDetection\RoadDetection\x86\cl.command.1.tlog
E:\도로검출\도로검출 program\RoadDetection\RoadDetection\x86\CL.read.1.tlog
E:\도로검출\도로검출 program\RoadDetection\RoadDetection\x86\CL.write.1.tlog
E:\도로검출\도로검출 program\RoadDetection\RoadDetection\x86\link-cvtres.read.1.tlog
E:\도로검출\도로검출 program\RoadDetection\RoadDetection\x86\link-cvtres.write.1.tlog
E:\도로검출\도로검출 program\RoadDetection\RoadDetection\x86\link-rc.read.1.tlog
E:\도로검출\도로검출 program\RoadDetection\RoadDetection\x86\link-rc.write.1.tlog
E:\도로검출\도로검출 program\RoadDetection\RoadDetection\x86\link.150112-cvtres.read.1.tlog
E:\도로검출\도로검출 program\RoadDetection\RoadDetection\x86\link.150112-cvtres.write.1.tlog
E:\도로검출\도로검출 program\RoadDetection\RoadDetection\x86\link.150112.read.1.tlog
E:\도로검출\도로검출 program\RoadDetection\RoadDetection\x86\link.150112.write.1.tlog
E:\도로검출\도로검출 program\RoadDetection\RoadDetection\x86\link.command.1.tlog
E:\도로검출\도로검출 program\RoadDetection\RoadDetection\x86\link.read.1.tlog
E:\도로검출\도로검출 program\RoadDetection\RoadDetection\x86\link.write.1.tlog
E:\도로검출\도로검출 program\RoadDetection\RoadDetection\x86\mt.command.1.tlog
E:\도로검출\도로검출 program\RoadDetection\RoadDetection\x86\mt.read.1.tlog
E:\도로검출\도로검출 program\RoadDetection\RoadDetection\x86\mt.write.1.tlog
E:\도로검출\도로검출 program\RoadDetection\RoadDetection\x86\rc.command.1.tlog
E:\도로검출\도로검출 program\RoadDetection\RoadDetection\x86\rc.read.1.tlog
E:\도로검출\도로검출 program\RoadDetection\RoadDetection\x86\rc.write.1.tlog
E:\도로검출\도로검출 program\RoadDetection\RoadDetection\x86\RoadDetection.write.1.tlog
E:\도로검출\도로검출 program\RoadDetection\RoadDetection\x86\RoadDetection.exe.embed.manifest
E:\도로검출\도로검출 program\RoadDetection\RoadDetection\x86\RoadDetection.exe.intermediate.manifest
E:\도로검출\도로검출 program\RoadDetection\RoadDetection\x86\RoadDetection.exe.embed.manifest.res
E:\도로검출\도로검출 program\RoadDetection\RoadDetection\x86\vc100.idb
E:\도로검출\도로검출 program\RoadDetection\RoadDetection\x86\vc110.idb
E:\도로검출\도로검출 program\RoadDetection\RoadDetection\x86\vc100.pdb
E:\도로검출\도로검출 program\RoadDetection\RoadDetection\x86\vc110.pdb
E:\도로검출\도로검출 program\RoadDetection\RoadDetection\x86\RoadDetection_manifest.rc
E:\도로검출\도로검출 program\RoadDetection\x86\RoadDetection.pdb
